<?xml version="1.0" encoding="UTF-8"?>
<!-- Generated by org.testng.reporters.JUnitXMLReporter -->
<testsuite ignored="0" hostname="IN-PG02CJ07" failures="0" tests="3" name="Default test" time="9.209" errors="0" timestamp="2023-08-28T16:41:32 IST">
  <testcase classname="TestPages.BaseTest" name="testAddBooking" time="6.099"/>
  <testcase classname="TestPages.BaseTest" name="testGetBooking" time="1.521"/>
  <testcase classname="TestPages.BaseTest" name="testUpdateBooking" time="1.492"/>
</testsuite> <!-- Default test -->
