<?xml version="1.0" encoding="UTF-8"?>
<testng-results ignored="0" total="6" passed="6" failed="0" skipped="0">
  <reporter-output>
  </reporter-output>
  <suite started-at="2023-10-09T09:17:25 IST" name="Suite" finished-at="2023-10-09T09:17:36 IST" duration-ms="10823">
    <groups>
    </groups>
    <test started-at="2023-10-09T09:17:25 IST" name="Test" finished-at="2023-10-09T09:17:36 IST" duration-ms="10823">
      <class name="TestPages.BaseTest2">
        <test-method signature="testAddBooking()[pri:0, instance:TestPages.BaseTest2@5efa40fe]" started-at="2023-10-09T09:17:31 IST" name="testAddBooking" finished-at="2023-10-09T09:17:33 IST" duration-ms="1435" status="PASS">
          <reporter-output>
          </reporter-output>
        </test-method> <!-- testAddBooking -->
        <test-method signature="testDeleteBooking()[pri:0, instance:TestPages.BaseTest2@5efa40fe]" started-at="2023-10-09T09:17:33 IST" name="testDeleteBooking" finished-at="2023-10-09T09:17:34 IST" duration-ms="1461" status="PASS">
          <reporter-output>
          </reporter-output>
        </test-method> <!-- testDeleteBooking -->
        <test-method signature="testPartialUpdateBooking()[pri:0, instance:TestPages.BaseTest2@5efa40fe]" started-at="2023-10-09T09:17:34 IST" name="testPartialUpdateBooking" finished-at="2023-10-09T09:17:36 IST" duration-ms="1430" status="PASS">
          <reporter-output>
          </reporter-output>
        </test-method> <!-- testPartialUpdateBooking -->
      </class> <!-- TestPages.BaseTest2 -->
      <class name="TestPages.BaseTest">
        <test-method signature="testAddBooking()[pri:0, instance:TestPages.BaseTest@2254127a]" started-at="2023-10-09T09:17:25 IST" name="testAddBooking" finished-at="2023-10-09T09:17:28 IST" duration-ms="3511" status="PASS">
          <reporter-output>
          </reporter-output>
        </test-method> <!-- testAddBooking -->
        <test-method signature="testGetBooking()[pri:0, instance:TestPages.BaseTest@2254127a]" started-at="2023-10-09T09:17:28 IST" name="testGetBooking" finished-at="2023-10-09T09:17:30 IST" duration-ms="1494" status="PASS">
          <reporter-output>
          </reporter-output>
        </test-method> <!-- testGetBooking -->
        <test-method signature="testUpdateBooking()[pri:0, instance:TestPages.BaseTest@2254127a]" started-at="2023-10-09T09:17:30 IST" name="testUpdateBooking" finished-at="2023-10-09T09:17:31 IST" duration-ms="1440" status="PASS">
          <reporter-output>
          </reporter-output>
        </test-method> <!-- testUpdateBooking -->
      </class> <!-- TestPages.BaseTest -->
    </test> <!-- Test -->
  </suite> <!-- Suite -->
</testng-results>
