<?xml version="1.0" encoding="UTF-8"?>
<!-- Generated by org.testng.reporters.JUnitXMLReporter -->
<testsuite ignored="0" hostname="IN-PG02CJ07" failures="0" tests="6" name="Test" time="10.823" errors="0" timestamp="2023-10-09T09:17:36 IST">
  <testcase classname="TestPages.BaseTest" name="testAddBooking" time="3.511"/>
  <testcase classname="TestPages.BaseTest" name="testGetBooking" time="1.494"/>
  <testcase classname="TestPages.BaseTest" name="testUpdateBooking" time="1.44"/>
  <testcase classname="TestPages.BaseTest2" name="testAddBooking" time="1.435"/>
  <testcase classname="TestPages.BaseTest2" name="testDeleteBooking" time="1.461"/>
  <testcase classname="TestPages.BaseTest2" name="testPartialUpdateBooking" time="1.43"/>
</testsuite> <!-- Test -->
